MSBuild version 17.6.1+8ffc3fe3d for .NET
  Geri y??klenecek projeler belirleniyor...
  Geri y??kleme i??in t??m projeler g??ncel.
  Core -> C:\Users\MONSTER\OneDrive\Belgeler\GitHub\CarProject\Core\bin\Debug\net7.0\Core.dll
  Entities -> C:\Users\MONSTER\OneDrive\Belgeler\GitHub\CarProject\Entities\bin\Debug\net7.0\Entities.dll
  DataAccess -> C:\Users\MONSTER\OneDrive\Belgeler\GitHub\CarProject\DataAccess\bin\Debug\net7.0\DataAccess.dll
C:\Users\MONSTER\OneDrive\Belgeler\GitHub\CarProject\Business\Concrete\LocationCityManager.cs(54,100): error CS0103: 'Messages' ad?? ge??erli ba??lamda yok [C:\Users\MONSTER\OneDrive\Belgeler\GitHub\CarProject\Business\Business.csproj]
C:\Users\MONSTER\OneDrive\Belgeler\GitHub\CarProject\Business\Concrete\SegmentManager.cs(56,90): error CS0103: 'Messages' ad?? ge??erli ba??lamda yok [C:\Users\MONSTER\OneDrive\Belgeler\GitHub\CarProject\Business\Business.csproj]
C:\Users\MONSTER\OneDrive\Belgeler\GitHub\CarProject\Business\Concrete\FuelManager.cs(57,84): error CS0103: 'Messages' ad?? ge??erli ba??lamda yok [C:\Users\MONSTER\OneDrive\Belgeler\GitHub\CarProject\Business\Business.csproj]
C:\Users\MONSTER\OneDrive\Belgeler\GitHub\CarProject\Business\Concrete\GearManager.cs(56,84): error CS0103: 'Messages' ad?? ge??erli ba??lamda yok [C:\Users\MONSTER\OneDrive\Belgeler\GitHub\CarProject\Business\Business.csproj]
C:\Users\MONSTER\OneDrive\Belgeler\GitHub\CarProject\Business\Concrete\SegmentManager.cs(68,38): error CS0103: 'Messages' ad?? ge??erli ba??lamda yok [C:\Users\MONSTER\OneDrive\Belgeler\GitHub\CarProject\Business\Business.csproj]
C:\Users\MONSTER\OneDrive\Belgeler\GitHub\CarProject\Business\Concrete\GearManager.cs(68,38): error CS0103: 'Messages' ad?? ge??erli ba??lamda yok [C:\Users\MONSTER\OneDrive\Belgeler\GitHub\CarProject\Business\Business.csproj]
C:\Users\MONSTER\OneDrive\Belgeler\GitHub\CarProject\Business\Concrete\SegmentManager.cs(74,38): error CS0103: 'Messages' ad?? ge??erli ba??lamda yok [C:\Users\MONSTER\OneDrive\Belgeler\GitHub\CarProject\Business\Business.csproj]
C:\Users\MONSTER\OneDrive\Belgeler\GitHub\CarProject\Business\Concrete\SegmentManager.cs(84,38): error CS0103: 'Messages' ad?? ge??erli ba??lamda yok [C:\Users\MONSTER\OneDrive\Belgeler\GitHub\CarProject\Business\Business.csproj]
C:\Users\MONSTER\OneDrive\Belgeler\GitHub\CarProject\Business\Concrete\LocationCityManager.cs(66,38): error CS0103: 'Messages' ad?? ge??erli ba??lamda yok [C:\Users\MONSTER\OneDrive\Belgeler\GitHub\CarProject\Business\Business.csproj]
C:\Users\MONSTER\OneDrive\Belgeler\GitHub\CarProject\Business\Concrete\FuelManager.cs(69,38): error CS0103: 'Messages' ad?? ge??erli ba??lamda yok [C:\Users\MONSTER\OneDrive\Belgeler\GitHub\CarProject\Business\Business.csproj]
C:\Users\MONSTER\OneDrive\Belgeler\GitHub\CarProject\Business\Concrete\LocationCityManager.cs(72,38): error CS0103: 'Messages' ad?? ge??erli ba??lamda yok [C:\Users\MONSTER\OneDrive\Belgeler\GitHub\CarProject\Business\Business.csproj]
C:\Users\MONSTER\OneDrive\Belgeler\GitHub\CarProject\Business\Concrete\FuelManager.cs(75,38): error CS0103: 'Messages' ad?? ge??erli ba??lamda yok [C:\Users\MONSTER\OneDrive\Belgeler\GitHub\CarProject\Business\Business.csproj]
C:\Users\MONSTER\OneDrive\Belgeler\GitHub\CarProject\Business\Concrete\FuelManager.cs(85,38): error CS0103: 'Messages' ad?? ge??erli ba??lamda yok [C:\Users\MONSTER\OneDrive\Belgeler\GitHub\CarProject\Business\Business.csproj]
C:\Users\MONSTER\OneDrive\Belgeler\GitHub\CarProject\Business\Concrete\GearManager.cs(74,38): error CS0103: 'Messages' ad?? ge??erli ba??lamda yok [C:\Users\MONSTER\OneDrive\Belgeler\GitHub\CarProject\Business\Business.csproj]
C:\Users\MONSTER\OneDrive\Belgeler\GitHub\CarProject\Business\Concrete\LocationCityManager.cs(82,38): error CS0103: 'Messages' ad?? ge??erli ba??lamda yok [C:\Users\MONSTER\OneDrive\Belgeler\GitHub\CarProject\Business\Business.csproj]
C:\Users\MONSTER\OneDrive\Belgeler\GitHub\CarProject\Business\Concrete\GearManager.cs(84,38): error CS0103: 'Messages' ad?? ge??erli ba??lamda yok [C:\Users\MONSTER\OneDrive\Belgeler\GitHub\CarProject\Business\Business.csproj]

Olu??turma BA??ARISIZ OLDU.

C:\Users\MONSTER\OneDrive\Belgeler\GitHub\CarProject\Business\Concrete\LocationCityManager.cs(54,100): error CS0103: 'Messages' ad?? ge??erli ba??lamda yok [C:\Users\MONSTER\OneDrive\Belgeler\GitHub\CarProject\Business\Business.csproj]
C:\Users\MONSTER\OneDrive\Belgeler\GitHub\CarProject\Business\Concrete\SegmentManager.cs(56,90): error CS0103: 'Messages' ad?? ge??erli ba??lamda yok [C:\Users\MONSTER\OneDrive\Belgeler\GitHub\CarProject\Business\Business.csproj]
C:\Users\MONSTER\OneDrive\Belgeler\GitHub\CarProject\Business\Concrete\FuelManager.cs(57,84): error CS0103: 'Messages' ad?? ge??erli ba??lamda yok [C:\Users\MONSTER\OneDrive\Belgeler\GitHub\CarProject\Business\Business.csproj]
C:\Users\MONSTER\OneDrive\Belgeler\GitHub\CarProject\Business\Concrete\GearManager.cs(56,84): error CS0103: 'Messages' ad?? ge??erli ba??lamda yok [C:\Users\MONSTER\OneDrive\Belgeler\GitHub\CarProject\Business\Business.csproj]
C:\Users\MONSTER\OneDrive\Belgeler\GitHub\CarProject\Business\Concrete\SegmentManager.cs(68,38): error CS0103: 'Messages' ad?? ge??erli ba??lamda yok [C:\Users\MONSTER\OneDrive\Belgeler\GitHub\CarProject\Business\Business.csproj]
C:\Users\MONSTER\OneDrive\Belgeler\GitHub\CarProject\Business\Concrete\GearManager.cs(68,38): error CS0103: 'Messages' ad?? ge??erli ba??lamda yok [C:\Users\MONSTER\OneDrive\Belgeler\GitHub\CarProject\Business\Business.csproj]
C:\Users\MONSTER\OneDrive\Belgeler\GitHub\CarProject\Business\Concrete\SegmentManager.cs(74,38): error CS0103: 'Messages' ad?? ge??erli ba??lamda yok [C:\Users\MONSTER\OneDrive\Belgeler\GitHub\CarProject\Business\Business.csproj]
C:\Users\MONSTER\OneDrive\Belgeler\GitHub\CarProject\Business\Concrete\SegmentManager.cs(84,38): error CS0103: 'Messages' ad?? ge??erli ba??lamda yok [C:\Users\MONSTER\OneDrive\Belgeler\GitHub\CarProject\Business\Business.csproj]
C:\Users\MONSTER\OneDrive\Belgeler\GitHub\CarProject\Business\Concrete\LocationCityManager.cs(66,38): error CS0103: 'Messages' ad?? ge??erli ba??lamda yok [C:\Users\MONSTER\OneDrive\Belgeler\GitHub\CarProject\Business\Business.csproj]
C:\Users\MONSTER\OneDrive\Belgeler\GitHub\CarProject\Business\Concrete\FuelManager.cs(69,38): error CS0103: 'Messages' ad?? ge??erli ba??lamda yok [C:\Users\MONSTER\OneDrive\Belgeler\GitHub\CarProject\Business\Business.csproj]
C:\Users\MONSTER\OneDrive\Belgeler\GitHub\CarProject\Business\Concrete\LocationCityManager.cs(72,38): error CS0103: 'Messages' ad?? ge??erli ba??lamda yok [C:\Users\MONSTER\OneDrive\Belgeler\GitHub\CarProject\Business\Business.csproj]
C:\Users\MONSTER\OneDrive\Belgeler\GitHub\CarProject\Business\Concrete\FuelManager.cs(75,38): error CS0103: 'Messages' ad?? ge??erli ba??lamda yok [C:\Users\MONSTER\OneDrive\Belgeler\GitHub\CarProject\Business\Business.csproj]
C:\Users\MONSTER\OneDrive\Belgeler\GitHub\CarProject\Business\Concrete\FuelManager.cs(85,38): error CS0103: 'Messages' ad?? ge??erli ba??lamda yok [C:\Users\MONSTER\OneDrive\Belgeler\GitHub\CarProject\Business\Business.csproj]
C:\Users\MONSTER\OneDrive\Belgeler\GitHub\CarProject\Business\Concrete\GearManager.cs(74,38): error CS0103: 'Messages' ad?? ge??erli ba??lamda yok [C:\Users\MONSTER\OneDrive\Belgeler\GitHub\CarProject\Business\Business.csproj]
C:\Users\MONSTER\OneDrive\Belgeler\GitHub\CarProject\Business\Concrete\LocationCityManager.cs(82,38): error CS0103: 'Messages' ad?? ge??erli ba??lamda yok [C:\Users\MONSTER\OneDrive\Belgeler\GitHub\CarProject\Business\Business.csproj]
C:\Users\MONSTER\OneDrive\Belgeler\GitHub\CarProject\Business\Concrete\GearManager.cs(84,38): error CS0103: 'Messages' ad?? ge??erli ba??lamda yok [C:\Users\MONSTER\OneDrive\Belgeler\GitHub\CarProject\Business\Business.csproj]
    0 Uyar??
    16 Hata

Ge??en S??re 00:00:02.66
