MSBuild version 17.6.1+8ffc3fe3d for .NET
  Geri y??klenecek projeler belirleniyor...
  Geri y??kleme i??in t??m projeler g??ncel.
  Core -> C:\Users\MONSTER\OneDrive\Belgeler\GitHub\CarProject\Core\bin\Debug\net7.0\Core.dll
  Entities -> C:\Users\MONSTER\OneDrive\Belgeler\GitHub\CarProject\Entities\bin\Debug\net7.0\Entities.dll
  DataAccess -> C:\Users\MONSTER\OneDrive\Belgeler\GitHub\CarProject\DataAccess\bin\Debug\net7.0\DataAccess.dll
C:\Users\MONSTER\OneDrive\Belgeler\GitHub\CarProject\Business\Abstract\IGearService.cs(12,14): error CS0246: 'IDataResult<>' t??r?? veya ad alan?? ad?? bulunamad?? (bir using y??nergeniz veya derleme ba??vurunuz mu eksik?) [C:\Users\MONSTER\OneDrive\Belgeler\GitHub\CarProject\Business\Business.csproj]
C:\Users\MONSTER\OneDrive\Belgeler\GitHub\CarProject\Business\Abstract\IFuelService.cs(12,14): error CS0246: 'IDataResult<>' t??r?? veya ad alan?? ad?? bulunamad?? (bir using y??nergeniz veya derleme ba??vurunuz mu eksik?) [C:\Users\MONSTER\OneDrive\Belgeler\GitHub\CarProject\Business\Business.csproj]
C:\Users\MONSTER\OneDrive\Belgeler\GitHub\CarProject\Business\Abstract\IGearService.cs(13,14): error CS0246: 'IDataResult<>' t??r?? veya ad alan?? ad?? bulunamad?? (bir using y??nergeniz veya derleme ba??vurunuz mu eksik?) [C:\Users\MONSTER\OneDrive\Belgeler\GitHub\CarProject\Business\Business.csproj]
C:\Users\MONSTER\OneDrive\Belgeler\GitHub\CarProject\Business\Abstract\IFuelService.cs(13,14): error CS0246: 'IDataResult<>' t??r?? veya ad alan?? ad?? bulunamad?? (bir using y??nergeniz veya derleme ba??vurunuz mu eksik?) [C:\Users\MONSTER\OneDrive\Belgeler\GitHub\CarProject\Business\Business.csproj]
C:\Users\MONSTER\OneDrive\Belgeler\GitHub\CarProject\Business\Abstract\ISegmentService.cs(12,14): error CS0246: 'IDataResult<>' t??r?? veya ad alan?? ad?? bulunamad?? (bir using y??nergeniz veya derleme ba??vurunuz mu eksik?) [C:\Users\MONSTER\OneDrive\Belgeler\GitHub\CarProject\Business\Business.csproj]
C:\Users\MONSTER\OneDrive\Belgeler\GitHub\CarProject\Business\Abstract\ISegmentService.cs(13,14): error CS0246: 'IDataResult<>' t??r?? veya ad alan?? ad?? bulunamad?? (bir using y??nergeniz veya derleme ba??vurunuz mu eksik?) [C:\Users\MONSTER\OneDrive\Belgeler\GitHub\CarProject\Business\Business.csproj]
C:\Users\MONSTER\OneDrive\Belgeler\GitHub\CarProject\Business\Concrete\FuelManager.cs(13,32): error CS0738: 'FuelManager, 'IFuelService.GetAllAsync()' arabirim ??yesini uygulam??yor. 'Task<IDataResult<List<Fuel>>>' e??le??en d??n???? t??r??ne sahip olmad??????ndan 'FuelManager.GetAllAsync()' 'IFuelService.GetAllAsync()' ????esini uygulayamaz. [C:\Users\MONSTER\OneDrive\Belgeler\GitHub\CarProject\Business\Business.csproj]
C:\Users\MONSTER\OneDrive\Belgeler\GitHub\CarProject\Business\Concrete\FuelManager.cs(13,32): error CS0738: 'FuelManager, 'IFuelService.GetByIdAsync(int)' arabirim ??yesini uygulam??yor. 'Task<IDataResult<Fuel>>' e??le??en d??n???? t??r??ne sahip olmad??????ndan 'FuelManager.GetByIdAsync(int)' 'IFuelService.GetByIdAsync(int)' ????esini uygulayamaz. [C:\Users\MONSTER\OneDrive\Belgeler\GitHub\CarProject\Business\Business.csproj]
C:\Users\MONSTER\OneDrive\Belgeler\GitHub\CarProject\Business\Concrete\GearManager.cs(12,32): error CS0738: 'GearManager, 'IGearService.GetAllAsync()' arabirim ??yesini uygulam??yor. 'Task<IDataResult<List<Gear>>>' e??le??en d??n???? t??r??ne sahip olmad??????ndan 'GearManager.GetAllAsync()' 'IGearService.GetAllAsync()' ????esini uygulayamaz. [C:\Users\MONSTER\OneDrive\Belgeler\GitHub\CarProject\Business\Business.csproj]
C:\Users\MONSTER\OneDrive\Belgeler\GitHub\CarProject\Business\Concrete\GearManager.cs(12,32): error CS0738: 'GearManager, 'IGearService.GetByIdAsync(int)' arabirim ??yesini uygulam??yor. 'Task<IDataResult<Gear>>' e??le??en d??n???? t??r??ne sahip olmad??????ndan 'GearManager.GetByIdAsync(int)' 'IGearService.GetByIdAsync(int)' ????esini uygulayamaz. [C:\Users\MONSTER\OneDrive\Belgeler\GitHub\CarProject\Business\Business.csproj]
C:\Users\MONSTER\OneDrive\Belgeler\GitHub\CarProject\Business\Concrete\SegmentManager.cs(12,35): error CS0738: 'SegmentManager, 'ISegmentService.GetAllAsync()' arabirim ??yesini uygulam??yor. 'Task<IDataResult<List<Segment>>>' e??le??en d??n???? t??r??ne sahip olmad??????ndan 'SegmentManager.GetAllAsync()' 'ISegmentService.GetAllAsync()' ????esini uygulayamaz. [C:\Users\MONSTER\OneDrive\Belgeler\GitHub\CarProject\Business\Business.csproj]
C:\Users\MONSTER\OneDrive\Belgeler\GitHub\CarProject\Business\Concrete\SegmentManager.cs(12,35): error CS0738: 'SegmentManager, 'ISegmentService.GetByIdAsync(int)' arabirim ??yesini uygulam??yor. 'Task<IDataResult<Segment>>' e??le??en d??n???? t??r??ne sahip olmad??????ndan 'SegmentManager.GetByIdAsync(int)' 'ISegmentService.GetByIdAsync(int)' ????esini uygulayamaz. [C:\Users\MONSTER\OneDrive\Belgeler\GitHub\CarProject\Business\Business.csproj]

Olu??turma BA??ARISIZ OLDU.

C:\Users\MONSTER\OneDrive\Belgeler\GitHub\CarProject\Business\Abstract\IGearService.cs(12,14): error CS0246: 'IDataResult<>' t??r?? veya ad alan?? ad?? bulunamad?? (bir using y??nergeniz veya derleme ba??vurunuz mu eksik?) [C:\Users\MONSTER\OneDrive\Belgeler\GitHub\CarProject\Business\Business.csproj]
C:\Users\MONSTER\OneDrive\Belgeler\GitHub\CarProject\Business\Abstract\IFuelService.cs(12,14): error CS0246: 'IDataResult<>' t??r?? veya ad alan?? ad?? bulunamad?? (bir using y??nergeniz veya derleme ba??vurunuz mu eksik?) [C:\Users\MONSTER\OneDrive\Belgeler\GitHub\CarProject\Business\Business.csproj]
C:\Users\MONSTER\OneDrive\Belgeler\GitHub\CarProject\Business\Abstract\IGearService.cs(13,14): error CS0246: 'IDataResult<>' t??r?? veya ad alan?? ad?? bulunamad?? (bir using y??nergeniz veya derleme ba??vurunuz mu eksik?) [C:\Users\MONSTER\OneDrive\Belgeler\GitHub\CarProject\Business\Business.csproj]
C:\Users\MONSTER\OneDrive\Belgeler\GitHub\CarProject\Business\Abstract\IFuelService.cs(13,14): error CS0246: 'IDataResult<>' t??r?? veya ad alan?? ad?? bulunamad?? (bir using y??nergeniz veya derleme ba??vurunuz mu eksik?) [C:\Users\MONSTER\OneDrive\Belgeler\GitHub\CarProject\Business\Business.csproj]
C:\Users\MONSTER\OneDrive\Belgeler\GitHub\CarProject\Business\Abstract\ISegmentService.cs(12,14): error CS0246: 'IDataResult<>' t??r?? veya ad alan?? ad?? bulunamad?? (bir using y??nergeniz veya derleme ba??vurunuz mu eksik?) [C:\Users\MONSTER\OneDrive\Belgeler\GitHub\CarProject\Business\Business.csproj]
C:\Users\MONSTER\OneDrive\Belgeler\GitHub\CarProject\Business\Abstract\ISegmentService.cs(13,14): error CS0246: 'IDataResult<>' t??r?? veya ad alan?? ad?? bulunamad?? (bir using y??nergeniz veya derleme ba??vurunuz mu eksik?) [C:\Users\MONSTER\OneDrive\Belgeler\GitHub\CarProject\Business\Business.csproj]
C:\Users\MONSTER\OneDrive\Belgeler\GitHub\CarProject\Business\Concrete\FuelManager.cs(13,32): error CS0738: 'FuelManager, 'IFuelService.GetAllAsync()' arabirim ??yesini uygulam??yor. 'Task<IDataResult<List<Fuel>>>' e??le??en d??n???? t??r??ne sahip olmad??????ndan 'FuelManager.GetAllAsync()' 'IFuelService.GetAllAsync()' ????esini uygulayamaz. [C:\Users\MONSTER\OneDrive\Belgeler\GitHub\CarProject\Business\Business.csproj]
C:\Users\MONSTER\OneDrive\Belgeler\GitHub\CarProject\Business\Concrete\FuelManager.cs(13,32): error CS0738: 'FuelManager, 'IFuelService.GetByIdAsync(int)' arabirim ??yesini uygulam??yor. 'Task<IDataResult<Fuel>>' e??le??en d??n???? t??r??ne sahip olmad??????ndan 'FuelManager.GetByIdAsync(int)' 'IFuelService.GetByIdAsync(int)' ????esini uygulayamaz. [C:\Users\MONSTER\OneDrive\Belgeler\GitHub\CarProject\Business\Business.csproj]
C:\Users\MONSTER\OneDrive\Belgeler\GitHub\CarProject\Business\Concrete\GearManager.cs(12,32): error CS0738: 'GearManager, 'IGearService.GetAllAsync()' arabirim ??yesini uygulam??yor. 'Task<IDataResult<List<Gear>>>' e??le??en d??n???? t??r??ne sahip olmad??????ndan 'GearManager.GetAllAsync()' 'IGearService.GetAllAsync()' ????esini uygulayamaz. [C:\Users\MONSTER\OneDrive\Belgeler\GitHub\CarProject\Business\Business.csproj]
C:\Users\MONSTER\OneDrive\Belgeler\GitHub\CarProject\Business\Concrete\GearManager.cs(12,32): error CS0738: 'GearManager, 'IGearService.GetByIdAsync(int)' arabirim ??yesini uygulam??yor. 'Task<IDataResult<Gear>>' e??le??en d??n???? t??r??ne sahip olmad??????ndan 'GearManager.GetByIdAsync(int)' 'IGearService.GetByIdAsync(int)' ????esini uygulayamaz. [C:\Users\MONSTER\OneDrive\Belgeler\GitHub\CarProject\Business\Business.csproj]
C:\Users\MONSTER\OneDrive\Belgeler\GitHub\CarProject\Business\Concrete\SegmentManager.cs(12,35): error CS0738: 'SegmentManager, 'ISegmentService.GetAllAsync()' arabirim ??yesini uygulam??yor. 'Task<IDataResult<List<Segment>>>' e??le??en d??n???? t??r??ne sahip olmad??????ndan 'SegmentManager.GetAllAsync()' 'ISegmentService.GetAllAsync()' ????esini uygulayamaz. [C:\Users\MONSTER\OneDrive\Belgeler\GitHub\CarProject\Business\Business.csproj]
C:\Users\MONSTER\OneDrive\Belgeler\GitHub\CarProject\Business\Concrete\SegmentManager.cs(12,35): error CS0738: 'SegmentManager, 'ISegmentService.GetByIdAsync(int)' arabirim ??yesini uygulam??yor. 'Task<IDataResult<Segment>>' e??le??en d??n???? t??r??ne sahip olmad??????ndan 'SegmentManager.GetByIdAsync(int)' 'ISegmentService.GetByIdAsync(int)' ????esini uygulayamaz. [C:\Users\MONSTER\OneDrive\Belgeler\GitHub\CarProject\Business\Business.csproj]
    0 Uyar??
    12 Hata

Ge??en S??re 00:00:01.34
