MSBuild version 17.6.1+8ffc3fe3d for .NET
  Determining projects to restore...
  All projects are up-to-date for restore.
C:\Users\MONSTER\OneDrive\Belgeler\GitHub\CarProject\Core\DependencyResolvers\CoreModule.cs(4,28): error CS0234: The type or namespace name 'Http' does not exist in the namespace 'Microsoft.AspNetCore' (are you missing an assembly reference?) [C:\Users\MONSTER\OneDrive\Belgeler\GitHub\CarProject\Core\Core.csproj]
C:\Users\MONSTER\OneDrive\Belgeler\GitHub\CarProject\Core\Extensions\ExceptionMiddleware.cs(3,28): error CS0234: The type or namespace name 'Http' does not exist in the namespace 'Microsoft.AspNetCore' (are you missing an assembly reference?) [C:\Users\MONSTER\OneDrive\Belgeler\GitHub\CarProject\Core\Core.csproj]
C:\Users\MONSTER\OneDrive\Belgeler\GitHub\CarProject\Core\Extensions\ExceptionMiddlewareExtensions.cs(1,28): error CS0234: The type or namespace name 'Builder' does not exist in the namespace 'Microsoft.AspNetCore' (are you missing an assembly reference?) [C:\Users\MONSTER\OneDrive\Belgeler\GitHub\CarProject\Core\Core.csproj]
C:\Users\MONSTER\OneDrive\Belgeler\GitHub\CarProject\Core\Utilities\Helpers\FileHelper.cs(2,28): error CS0234: The type or namespace name 'Http' does not exist in the namespace 'Microsoft.AspNetCore' (are you missing an assembly reference?) [C:\Users\MONSTER\OneDrive\Belgeler\GitHub\CarProject\Core\Core.csproj]
C:\Users\MONSTER\OneDrive\Belgeler\GitHub\CarProject\Core\Utilities\Helpers\FileHeplerManager.cs(5,28): error CS0234: The type or namespace name 'Http' does not exist in the namespace 'Microsoft.AspNetCore' (are you missing an assembly reference?) [C:\Users\MONSTER\OneDrive\Belgeler\GitHub\CarProject\Core\Core.csproj]
C:\Users\MONSTER\OneDrive\Belgeler\GitHub\CarProject\Core\Utilities\Helpers\IFileHelper.cs(1,28): error CS0234: The type or namespace name 'Http' does not exist in the namespace 'Microsoft.AspNetCore' (are you missing an assembly reference?) [C:\Users\MONSTER\OneDrive\Belgeler\GitHub\CarProject\Core\Core.csproj]
C:\Users\MONSTER\OneDrive\Belgeler\GitHub\CarProject\Core\Utilities\Helpers\FileHelper.cs(12,34): error CS0246: The type or namespace name 'IFormFile' could not be found (are you missing a using directive or an assembly reference?) [C:\Users\MONSTER\OneDrive\Belgeler\GitHub\CarProject\Core\Core.csproj]
C:\Users\MONSTER\OneDrive\Belgeler\GitHub\CarProject\Core\Utilities\Helpers\FileHeplerManager.cs(25,30): error CS0246: The type or namespace name 'IFormFile' could not be found (are you missing a using directive or an assembly reference?) [C:\Users\MONSTER\OneDrive\Belgeler\GitHub\CarProject\Core\Core.csproj]
C:\Users\MONSTER\OneDrive\Belgeler\GitHub\CarProject\Core\Extensions\ExceptionMiddlewareExtensions.cs(10,68): error CS0246: The type or namespace name 'IApplicationBuilder' could not be found (are you missing a using directive or an assembly reference?) [C:\Users\MONSTER\OneDrive\Belgeler\GitHub\CarProject\Core\Core.csproj]
C:\Users\MONSTER\OneDrive\Belgeler\GitHub\CarProject\Core\Utilities\Helpers\FileHelper.cs(36,56): error CS0246: The type or namespace name 'IFormFile' could not be found (are you missing a using directive or an assembly reference?) [C:\Users\MONSTER\OneDrive\Belgeler\GitHub\CarProject\Core\Core.csproj]
C:\Users\MONSTER\OneDrive\Belgeler\GitHub\CarProject\Core\Utilities\Helpers\FileHeplerManager.cs(34,30): error CS0246: The type or namespace name 'IFormFile' could not be found (are you missing a using directive or an assembly reference?) [C:\Users\MONSTER\OneDrive\Belgeler\GitHub\CarProject\Core\Core.csproj]
C:\Users\MONSTER\OneDrive\Belgeler\GitHub\CarProject\Core\Extensions\ValidationErrorDetails.cs(10,47): warning CS0108: 'ValidationErrorDetails.Errors' hides inherited member 'ErrorDetails.Errors'. Use the new keyword if hiding was intended. [C:\Users\MONSTER\OneDrive\Belgeler\GitHub\CarProject\Core\Core.csproj]
C:\Users\MONSTER\OneDrive\Belgeler\GitHub\CarProject\Core\Utilities\Helpers\IFileHelper.cs(10,23): error CS0246: The type or namespace name 'IFormFile' could not be found (are you missing a using directive or an assembly reference?) [C:\Users\MONSTER\OneDrive\Belgeler\GitHub\CarProject\Core\Core.csproj]
C:\Users\MONSTER\OneDrive\Belgeler\GitHub\CarProject\Core\Utilities\Helpers\IFileHelper.cs(12,23): error CS0246: The type or namespace name 'IFormFile' could not be found (are you missing a using directive or an assembly reference?) [C:\Users\MONSTER\OneDrive\Belgeler\GitHub\CarProject\Core\Core.csproj]
C:\Users\MONSTER\OneDrive\Belgeler\GitHub\CarProject\Core\Extensions\ExceptionMiddleware.cs(21,39): error CS0246: The type or namespace name 'HttpContext' could not be found (are you missing a using directive or an assembly reference?) [C:\Users\MONSTER\OneDrive\Belgeler\GitHub\CarProject\Core\Core.csproj]
C:\Users\MONSTER\OneDrive\Belgeler\GitHub\CarProject\Core\Extensions\ExceptionMiddleware.cs(33,43): error CS0246: The type or namespace name 'HttpContext' could not be found (are you missing a using directive or an assembly reference?) [C:\Users\MONSTER\OneDrive\Belgeler\GitHub\CarProject\Core\Core.csproj]
C:\Users\MONSTER\OneDrive\Belgeler\GitHub\CarProject\Core\Utilities\Helpers\FileHelper.cs(71,63): error CS0246: The type or namespace name 'IFormFile' could not be found (are you missing a using directive or an assembly reference?) [C:\Users\MONSTER\OneDrive\Belgeler\GitHub\CarProject\Core\Core.csproj]
C:\Users\MONSTER\OneDrive\Belgeler\GitHub\CarProject\Core\Extensions\ExceptionMiddleware.cs(14,17): error CS0246: The type or namespace name 'RequestDelegate' could not be found (are you missing a using directive or an assembly reference?) [C:\Users\MONSTER\OneDrive\Belgeler\GitHub\CarProject\Core\Core.csproj]
C:\Users\MONSTER\OneDrive\Belgeler\GitHub\CarProject\Core\Utilities\Helpers\FileHelper.cs(84,42): error CS0246: The type or namespace name 'IFormFile' could not be found (are you missing a using directive or an assembly reference?) [C:\Users\MONSTER\OneDrive\Belgeler\GitHub\CarProject\Core\Core.csproj]
C:\Users\MONSTER\OneDrive\Belgeler\GitHub\CarProject\Core\Extensions\ExceptionMiddleware.cs(16,36): error CS0246: The type or namespace name 'RequestDelegate' could not be found (are you missing a using directive or an assembly reference?) [C:\Users\MONSTER\OneDrive\Belgeler\GitHub\CarProject\Core\Core.csproj]

Build FAILED.

C:\Users\MONSTER\OneDrive\Belgeler\GitHub\CarProject\Core\Extensions\ValidationErrorDetails.cs(10,47): warning CS0108: 'ValidationErrorDetails.Errors' hides inherited member 'ErrorDetails.Errors'. Use the new keyword if hiding was intended. [C:\Users\MONSTER\OneDrive\Belgeler\GitHub\CarProject\Core\Core.csproj]
C:\Users\MONSTER\OneDrive\Belgeler\GitHub\CarProject\Core\DependencyResolvers\CoreModule.cs(4,28): error CS0234: The type or namespace name 'Http' does not exist in the namespace 'Microsoft.AspNetCore' (are you missing an assembly reference?) [C:\Users\MONSTER\OneDrive\Belgeler\GitHub\CarProject\Core\Core.csproj]
C:\Users\MONSTER\OneDrive\Belgeler\GitHub\CarProject\Core\Extensions\ExceptionMiddleware.cs(3,28): error CS0234: The type or namespace name 'Http' does not exist in the namespace 'Microsoft.AspNetCore' (are you missing an assembly reference?) [C:\Users\MONSTER\OneDrive\Belgeler\GitHub\CarProject\Core\Core.csproj]
C:\Users\MONSTER\OneDrive\Belgeler\GitHub\CarProject\Core\Extensions\ExceptionMiddlewareExtensions.cs(1,28): error CS0234: The type or namespace name 'Builder' does not exist in the namespace 'Microsoft.AspNetCore' (are you missing an assembly reference?) [C:\Users\MONSTER\OneDrive\Belgeler\GitHub\CarProject\Core\Core.csproj]
C:\Users\MONSTER\OneDrive\Belgeler\GitHub\CarProject\Core\Utilities\Helpers\FileHelper.cs(2,28): error CS0234: The type or namespace name 'Http' does not exist in the namespace 'Microsoft.AspNetCore' (are you missing an assembly reference?) [C:\Users\MONSTER\OneDrive\Belgeler\GitHub\CarProject\Core\Core.csproj]
C:\Users\MONSTER\OneDrive\Belgeler\GitHub\CarProject\Core\Utilities\Helpers\FileHeplerManager.cs(5,28): error CS0234: The type or namespace name 'Http' does not exist in the namespace 'Microsoft.AspNetCore' (are you missing an assembly reference?) [C:\Users\MONSTER\OneDrive\Belgeler\GitHub\CarProject\Core\Core.csproj]
C:\Users\MONSTER\OneDrive\Belgeler\GitHub\CarProject\Core\Utilities\Helpers\IFileHelper.cs(1,28): error CS0234: The type or namespace name 'Http' does not exist in the namespace 'Microsoft.AspNetCore' (are you missing an assembly reference?) [C:\Users\MONSTER\OneDrive\Belgeler\GitHub\CarProject\Core\Core.csproj]
C:\Users\MONSTER\OneDrive\Belgeler\GitHub\CarProject\Core\Utilities\Helpers\FileHelper.cs(12,34): error CS0246: The type or namespace name 'IFormFile' could not be found (are you missing a using directive or an assembly reference?) [C:\Users\MONSTER\OneDrive\Belgeler\GitHub\CarProject\Core\Core.csproj]
C:\Users\MONSTER\OneDrive\Belgeler\GitHub\CarProject\Core\Utilities\Helpers\FileHeplerManager.cs(25,30): error CS0246: The type or namespace name 'IFormFile' could not be found (are you missing a using directive or an assembly reference?) [C:\Users\MONSTER\OneDrive\Belgeler\GitHub\CarProject\Core\Core.csproj]
C:\Users\MONSTER\OneDrive\Belgeler\GitHub\CarProject\Core\Extensions\ExceptionMiddlewareExtensions.cs(10,68): error CS0246: The type or namespace name 'IApplicationBuilder' could not be found (are you missing a using directive or an assembly reference?) [C:\Users\MONSTER\OneDrive\Belgeler\GitHub\CarProject\Core\Core.csproj]
C:\Users\MONSTER\OneDrive\Belgeler\GitHub\CarProject\Core\Utilities\Helpers\FileHelper.cs(36,56): error CS0246: The type or namespace name 'IFormFile' could not be found (are you missing a using directive or an assembly reference?) [C:\Users\MONSTER\OneDrive\Belgeler\GitHub\CarProject\Core\Core.csproj]
C:\Users\MONSTER\OneDrive\Belgeler\GitHub\CarProject\Core\Utilities\Helpers\FileHeplerManager.cs(34,30): error CS0246: The type or namespace name 'IFormFile' could not be found (are you missing a using directive or an assembly reference?) [C:\Users\MONSTER\OneDrive\Belgeler\GitHub\CarProject\Core\Core.csproj]
C:\Users\MONSTER\OneDrive\Belgeler\GitHub\CarProject\Core\Utilities\Helpers\IFileHelper.cs(10,23): error CS0246: The type or namespace name 'IFormFile' could not be found (are you missing a using directive or an assembly reference?) [C:\Users\MONSTER\OneDrive\Belgeler\GitHub\CarProject\Core\Core.csproj]
C:\Users\MONSTER\OneDrive\Belgeler\GitHub\CarProject\Core\Utilities\Helpers\IFileHelper.cs(12,23): error CS0246: The type or namespace name 'IFormFile' could not be found (are you missing a using directive or an assembly reference?) [C:\Users\MONSTER\OneDrive\Belgeler\GitHub\CarProject\Core\Core.csproj]
C:\Users\MONSTER\OneDrive\Belgeler\GitHub\CarProject\Core\Extensions\ExceptionMiddleware.cs(21,39): error CS0246: The type or namespace name 'HttpContext' could not be found (are you missing a using directive or an assembly reference?) [C:\Users\MONSTER\OneDrive\Belgeler\GitHub\CarProject\Core\Core.csproj]
C:\Users\MONSTER\OneDrive\Belgeler\GitHub\CarProject\Core\Extensions\ExceptionMiddleware.cs(33,43): error CS0246: The type or namespace name 'HttpContext' could not be found (are you missing a using directive or an assembly reference?) [C:\Users\MONSTER\OneDrive\Belgeler\GitHub\CarProject\Core\Core.csproj]
C:\Users\MONSTER\OneDrive\Belgeler\GitHub\CarProject\Core\Utilities\Helpers\FileHelper.cs(71,63): error CS0246: The type or namespace name 'IFormFile' could not be found (are you missing a using directive or an assembly reference?) [C:\Users\MONSTER\OneDrive\Belgeler\GitHub\CarProject\Core\Core.csproj]
C:\Users\MONSTER\OneDrive\Belgeler\GitHub\CarProject\Core\Extensions\ExceptionMiddleware.cs(14,17): error CS0246: The type or namespace name 'RequestDelegate' could not be found (are you missing a using directive or an assembly reference?) [C:\Users\MONSTER\OneDrive\Belgeler\GitHub\CarProject\Core\Core.csproj]
C:\Users\MONSTER\OneDrive\Belgeler\GitHub\CarProject\Core\Utilities\Helpers\FileHelper.cs(84,42): error CS0246: The type or namespace name 'IFormFile' could not be found (are you missing a using directive or an assembly reference?) [C:\Users\MONSTER\OneDrive\Belgeler\GitHub\CarProject\Core\Core.csproj]
C:\Users\MONSTER\OneDrive\Belgeler\GitHub\CarProject\Core\Extensions\ExceptionMiddleware.cs(16,36): error CS0246: The type or namespace name 'RequestDelegate' could not be found (are you missing a using directive or an assembly reference?) [C:\Users\MONSTER\OneDrive\Belgeler\GitHub\CarProject\Core\Core.csproj]
    1 Warning(s)
    19 Error(s)

Time Elapsed 00:00:04.50

