MSBuild version 17.6.1+8ffc3fe3d for .NET
C:\Users\MONSTER\OneDrive\Belgeler\GitHub\CarProject\ConsoleUI\ConsoleUI.csproj : error NU1605: Warning As Error: Detected package downgrade: Autofac from 8.0.0 to 7.1.0. Reference the package directly from the project to select a different version.  [C:\Users\MONSTER\OneDrive\Belgeler\GitHub\CarProject\CarProject.sln]
C:\Users\MONSTER\OneDrive\Belgeler\GitHub\CarProject\ConsoleUI\ConsoleUI.csproj : error NU1605:  ConsoleUI -> Business -> Autofac.Extensions.DependencyInjection 9.0.0 -> Autofac (>= 8.0.0)  [C:\Users\MONSTER\OneDrive\Belgeler\GitHub\CarProject\CarProject.sln]
C:\Users\MONSTER\OneDrive\Belgeler\GitHub\CarProject\ConsoleUI\ConsoleUI.csproj : error NU1605:  ConsoleUI -> Business -> Autofac (>= 7.1.0) [C:\Users\MONSTER\OneDrive\Belgeler\GitHub\CarProject\CarProject.sln]
C:\Users\MONSTER\OneDrive\Belgeler\GitHub\CarProject\DataAccess\DataAccess.csproj : error NU1605: Warning As Error: Detected package downgrade: Autofac from 8.0.0 to 7.1.0. Reference the package directly from the project to select a different version.  [C:\Users\MONSTER\OneDrive\Belgeler\GitHub\CarProject\CarProject.sln]
C:\Users\MONSTER\OneDrive\Belgeler\GitHub\CarProject\DataAccess\DataAccess.csproj : error NU1605:  DataAccess -> Entities -> Core -> Autofac.Extensions.DependencyInjection 9.0.0 -> Autofac (>= 8.0.0)  [C:\Users\MONSTER\OneDrive\Belgeler\GitHub\CarProject\CarProject.sln]
C:\Users\MONSTER\OneDrive\Belgeler\GitHub\CarProject\DataAccess\DataAccess.csproj : error NU1605:  DataAccess -> Entities -> Core -> Autofac (>= 7.1.0) [C:\Users\MONSTER\OneDrive\Belgeler\GitHub\CarProject\CarProject.sln]
C:\Users\MONSTER\OneDrive\Belgeler\GitHub\CarProject\Entities\Entities.csproj : error NU1605: Warning As Error: Detected package downgrade: Autofac from 8.0.0 to 7.1.0. Reference the package directly from the project to select a different version.  [C:\Users\MONSTER\OneDrive\Belgeler\GitHub\CarProject\CarProject.sln]
C:\Users\MONSTER\OneDrive\Belgeler\GitHub\CarProject\Entities\Entities.csproj : error NU1605:  Entities -> Core -> Autofac.Extensions.DependencyInjection 9.0.0 -> Autofac (>= 8.0.0)  [C:\Users\MONSTER\OneDrive\Belgeler\GitHub\CarProject\CarProject.sln]
C:\Users\MONSTER\OneDrive\Belgeler\GitHub\CarProject\Entities\Entities.csproj : error NU1605:  Entities -> Core -> Autofac (>= 7.1.0) [C:\Users\MONSTER\OneDrive\Belgeler\GitHub\CarProject\CarProject.sln]
C:\Users\MONSTER\OneDrive\Belgeler\GitHub\CarProject\Business\Business.csproj : error NU1605: Warning As Error: Detected package downgrade: Autofac from 8.0.0 to 7.1.0. Reference the package directly from the project to select a different version.  [C:\Users\MONSTER\OneDrive\Belgeler\GitHub\CarProject\CarProject.sln]
C:\Users\MONSTER\OneDrive\Belgeler\GitHub\CarProject\Business\Business.csproj : error NU1605:  Business -> Autofac.Extensions.DependencyInjection 9.0.0 -> Autofac (>= 8.0.0)  [C:\Users\MONSTER\OneDrive\Belgeler\GitHub\CarProject\CarProject.sln]
C:\Users\MONSTER\OneDrive\Belgeler\GitHub\CarProject\Business\Business.csproj : error NU1605:  Business -> Autofac (>= 7.1.0) [C:\Users\MONSTER\OneDrive\Belgeler\GitHub\CarProject\CarProject.sln]
C:\Users\MONSTER\OneDrive\Belgeler\GitHub\CarProject\Core\Core.csproj : error NU1605: Warning As Error: Detected package downgrade: Autofac from 8.0.0 to 7.1.0. Reference the package directly from the project to select a different version.  [C:\Users\MONSTER\OneDrive\Belgeler\GitHub\CarProject\CarProject.sln]
C:\Users\MONSTER\OneDrive\Belgeler\GitHub\CarProject\Core\Core.csproj : error NU1605:  Core -> Autofac.Extensions.DependencyInjection 9.0.0 -> Autofac (>= 8.0.0)  [C:\Users\MONSTER\OneDrive\Belgeler\GitHub\CarProject\CarProject.sln]
C:\Users\MONSTER\OneDrive\Belgeler\GitHub\CarProject\Core\Core.csproj : error NU1605:  Core -> Autofac (>= 7.1.0) [C:\Users\MONSTER\OneDrive\Belgeler\GitHub\CarProject\CarProject.sln]
Build FAILED.
C:\Users\MONSTER\OneDrive\Belgeler\GitHub\CarProject\ConsoleUI\ConsoleUI.csproj : error NU1605: Warning As Error: Detected package downgrade: Autofac from 8.0.0 to 7.1.0. Reference the package directly from the project to select a different version.  [C:\Users\MONSTER\OneDrive\Belgeler\GitHub\CarProject\CarProject.sln]
C:\Users\MONSTER\OneDrive\Belgeler\GitHub\CarProject\ConsoleUI\ConsoleUI.csproj : error NU1605:  ConsoleUI -> Business -> Autofac.Extensions.DependencyInjection 9.0.0 -> Autofac (>= 8.0.0)  [C:\Users\MONSTER\OneDrive\Belgeler\GitHub\CarProject\CarProject.sln]
C:\Users\MONSTER\OneDrive\Belgeler\GitHub\CarProject\ConsoleUI\ConsoleUI.csproj : error NU1605:  ConsoleUI -> Business -> Autofac (>= 7.1.0) [C:\Users\MONSTER\OneDrive\Belgeler\GitHub\CarProject\CarProject.sln]
C:\Users\MONSTER\OneDrive\Belgeler\GitHub\CarProject\DataAccess\DataAccess.csproj : error NU1605: Warning As Error: Detected package downgrade: Autofac from 8.0.0 to 7.1.0. Reference the package directly from the project to select a different version.  [C:\Users\MONSTER\OneDrive\Belgeler\GitHub\CarProject\CarProject.sln]
C:\Users\MONSTER\OneDrive\Belgeler\GitHub\CarProject\DataAccess\DataAccess.csproj : error NU1605:  DataAccess -> Entities -> Core -> Autofac.Extensions.DependencyInjection 9.0.0 -> Autofac (>= 8.0.0)  [C:\Users\MONSTER\OneDrive\Belgeler\GitHub\CarProject\CarProject.sln]
C:\Users\MONSTER\OneDrive\Belgeler\GitHub\CarProject\DataAccess\DataAccess.csproj : error NU1605:  DataAccess -> Entities -> Core -> Autofac (>= 7.1.0) [C:\Users\MONSTER\OneDrive\Belgeler\GitHub\CarProject\CarProject.sln]
C:\Users\MONSTER\OneDrive\Belgeler\GitHub\CarProject\Entities\Entities.csproj : error NU1605: Warning As Error: Detected package downgrade: Autofac from 8.0.0 to 7.1.0. Reference the package directly from the project to select a different version.  [C:\Users\MONSTER\OneDrive\Belgeler\GitHub\CarProject\CarProject.sln]
C:\Users\MONSTER\OneDrive\Belgeler\GitHub\CarProject\Entities\Entities.csproj : error NU1605:  Entities -> Core -> Autofac.Extensions.DependencyInjection 9.0.0 -> Autofac (>= 8.0.0)  [C:\Users\MONSTER\OneDrive\Belgeler\GitHub\CarProject\CarProject.sln]
C:\Users\MONSTER\OneDrive\Belgeler\GitHub\CarProject\Entities\Entities.csproj : error NU1605:  Entities -> Core -> Autofac (>= 7.1.0) [C:\Users\MONSTER\OneDrive\Belgeler\GitHub\CarProject\CarProject.sln]
C:\Users\MONSTER\OneDrive\Belgeler\GitHub\CarProject\Business\Business.csproj : error NU1605: Warning As Error: Detected package downgrade: Autofac from 8.0.0 to 7.1.0. Reference the package directly from the project to select a different version.  [C:\Users\MONSTER\OneDrive\Belgeler\GitHub\CarProject\CarProject.sln]
C:\Users\MONSTER\OneDrive\Belgeler\GitHub\CarProject\Business\Business.csproj : error NU1605:  Business -> Autofac.Extensions.DependencyInjection 9.0.0 -> Autofac (>= 8.0.0)  [C:\Users\MONSTER\OneDrive\Belgeler\GitHub\CarProject\CarProject.sln]
C:\Users\MONSTER\OneDrive\Belgeler\GitHub\CarProject\Business\Business.csproj : error NU1605:  Business -> Autofac (>= 7.1.0) [C:\Users\MONSTER\OneDrive\Belgeler\GitHub\CarProject\CarProject.sln]
C:\Users\MONSTER\OneDrive\Belgeler\GitHub\CarProject\Core\Core.csproj : error NU1605: Warning As Error: Detected package downgrade: Autofac from 8.0.0 to 7.1.0. Reference the package directly from the project to select a different version.  [C:\Users\MONSTER\OneDrive\Belgeler\GitHub\CarProject\CarProject.sln]
C:\Users\MONSTER\OneDrive\Belgeler\GitHub\CarProject\Core\Core.csproj : error NU1605:  Core -> Autofac.Extensions.DependencyInjection 9.0.0 -> Autofac (>= 8.0.0)  [C:\Users\MONSTER\OneDrive\Belgeler\GitHub\CarProject\CarProject.sln]
C:\Users\MONSTER\OneDrive\Belgeler\GitHub\CarProject\Core\Core.csproj : error NU1605:  Core -> Autofac (>= 7.1.0) [C:\Users\MONSTER\OneDrive\Belgeler\GitHub\CarProject\CarProject.sln]
    5 Error(s)
